app/build/intermediates/manifest_merge_blame_file/debug/manifest-merger-blame-debug-report.txt
1<?xml version="1.0" encoding="utf-8"?>
2<manifest xmlns:android="http://schemas.android.com/apk/res/android"
3    package="com.example.miwok"
4    android:versionCode="1"
5    android:versionName="1.0" >
6
7    <uses-sdk
8        android:minSdkVersion="15"
8-->src\main\AndroidManifest.xml
9        android:targetSdkVersion="29" />
9-->src\main\AndroidManifest.xml
10
11    <application
11-->src\main\AndroidManifest.xml:6:5-41:19
12        android:allowBackup="true"
12-->src\main\AndroidManifest.xml:7:9-35
13        android:appComponentFactory="androidx.core.app.CoreComponentFactory"
13-->[androidx.core:core:1.0.1] AndroidManifest.xml:22:18-86
14        android:debuggable="true"
15        android:icon="@mipmap/ic_launcher"
15-->src\main\AndroidManifest.xml:8:9-43
16        android:label="@string/app_name"
16-->src\main\AndroidManifest.xml:9:9-41
17        android:roundIcon="@mipmap/ic_launcher_round"
17-->src\main\AndroidManifest.xml:10:9-54
18        android:supportsRtl="true"
18-->src\main\AndroidManifest.xml:11:9-35
19        android:theme="@style/AppTheme" >
19-->src\main\AndroidManifest.xml:12:9-40
20        <activity android:name="com.example.miwok.MainActivity" >
20-->src\main\AndroidManifest.xml:15:9-21:20
20-->src\main\AndroidManifest.xml:15:19-47
21            <intent-filter>
21-->src\main\AndroidManifest.xml:16:13-20:29
22                <action android:name="android.intent.action.MAIN" />
22-->src\main\AndroidManifest.xml:17:17-69
22-->src\main\AndroidManifest.xml:17:25-66
23
24                <category android:name="android.intent.category.LAUNCHER" />
24-->src\main\AndroidManifest.xml:19:17-77
24-->src\main\AndroidManifest.xml:19:27-74
25            </intent-filter>
26        </activity>
27        <activity
27-->src\main\AndroidManifest.xml:22:9-30:20
28            android:name="com.example.miwok.NumbersActivity"
28-->src\main\AndroidManifest.xml:22:19-50
29            android:label="@string/category_numbers"
29-->src\main\AndroidManifest.xml:23:13-53
30            android:parentActivityName="com.example.miwok.MainActivity" >
30-->src\main\AndroidManifest.xml:24:13-55
31
32            <!-- Parent activity meta-data to support 4.0 and lower -->
33            <meta-data
33-->src\main\AndroidManifest.xml:27:13-29:48
34                android:name="android.support.PARENT_ACTIVITY"
34-->src\main\AndroidManifest.xml:28:17-63
35                android:value=".MainActivity" />
35-->src\main\AndroidManifest.xml:29:17-46
36        </activity>
37        <activity
37-->src\main\AndroidManifest.xml:31:9-33:20
38            android:name="com.example.miwok.FamilyActivity"
38-->src\main\AndroidManifest.xml:31:19-49
39            android:label="@string/category_name" >
39-->src\main\AndroidManifest.xml:32:13-50
40        </activity>
41        <activity
41-->src\main\AndroidManifest.xml:34:9-36:20
42            android:name="com.example.miwok.ColorsActivity"
42-->src\main\AndroidManifest.xml:34:19-49
43            android:label="@string/colors_name" >
43-->src\main\AndroidManifest.xml:35:13-48
44        </activity>
45        <activity
45-->src\main\AndroidManifest.xml:37:9-39:20
46            android:name="com.example.miwok.PhrasesActivity"
46-->src\main\AndroidManifest.xml:37:19-50
47            android:label="@string/phrases_name" >
47-->src\main\AndroidManifest.xml:38:13-49
48        </activity>
49    </application>
50
51</manifest>